Unity Editor version:    2022.3.29f1 (8d510ca76d2b)
Branch:                  2022.3/staging
Build type:              Release
Batch mode:              YES
System name:             Linux
Distro version:          #35~22.04.1-Ubuntu SMP PREEMPT_DYNAMIC Tue May  7 09:00:52 UTC 2
Kernel version:          6.5.0-35-generic
Architecture:            x86_64
Available memory:        3770 MB
Using pre-set license
Pro License: YES
Desktop is 1366 x 768 @ 60 Hz
Initialize udev device monitor.

COMMAND LINE ARGUMENTS:
Unity
-adb2
-batchMode
-noUpm
-name
AssetImportWorker1
-projectPath
/home/vietbuiduc/My project
-logFile
Logs/AssetImportWorker1.log
-srvPort
42623
Successfully changed project path to: /home/vietbuiduc/My project
/home/vietbuiduc/My project
[UnityMemory] Configuration Parameters - Can be set up in boot.config
    "memorysetup-bucket-allocator-granularity=16"
    "memorysetup-bucket-allocator-bucket-count=8"
    "memorysetup-bucket-allocator-block-size=33554432"
    "memorysetup-bucket-allocator-block-count=8"
    "memorysetup-main-allocator-block-size=16777216"
    "memorysetup-thread-allocator-block-size=16777216"
    "memorysetup-gfx-main-allocator-block-size=16777216"
    "memorysetup-gfx-thread-allocator-block-size=16777216"
    "memorysetup-cache-allocator-block-size=4194304"
    "memorysetup-typetree-allocator-block-size=2097152"
    "memorysetup-profiler-bucket-allocator-granularity=16"
    "memorysetup-profiler-bucket-allocator-bucket-count=8"
    "memorysetup-profiler-bucket-allocator-block-size=33554432"
    "memorysetup-profiler-bucket-allocator-block-count=8"
    "memorysetup-profiler-allocator-block-size=16777216"
    "memorysetup-profiler-editor-allocator-block-size=1048576"
    "memorysetup-temp-allocator-size-main=16777216"
    "memorysetup-job-temp-allocator-block-size=2097152"
    "memorysetup-job-temp-allocator-block-size-background=1048576"
    "memorysetup-job-temp-allocator-reduction-small-platforms=262144"
    "memorysetup-allocator-temp-initial-block-size-main=262144"
    "memorysetup-allocator-temp-initial-block-size-worker=262144"
    "memorysetup-temp-allocator-size-background-worker=32768"
    "memorysetup-temp-allocator-size-job-worker=262144"
    "memorysetup-temp-allocator-size-preload-manager=33554432"
    "memorysetup-temp-allocator-size-nav-mesh-worker=65536"
    "memorysetup-temp-allocator-size-audio-worker=65536"
    "memorysetup-temp-allocator-size-cloud-worker=32768"
    "memorysetup-temp-allocator-size-gi-baking-worker=262144"
    "memorysetup-temp-allocator-size-gfx=262144"
Player connection [138245579482048] Host "[IP] 192.168.0.4 [Port] 0 [Flags] 2 [Guid] 383097285 [EditorId] 383097285 [Version] 1048832 [Id] LinuxEditor(16,192.168.0.4) [Debug] 1 [PackageName] LinuxEditor [ProjectName] Editor" joined multi-casting on [225.0.0.222:54997]...

Player connection [138245579482048] Host "[IP] 192.168.0.4 [Port] 0 [Flags] 2 [Guid] 383097285 [EditorId] 383097285 [Version] 1048832 [Id] LinuxEditor(16,192.168.0.4) [Debug] 1 [PackageName] LinuxEditor [ProjectName] Editor" joined alternative multi-casting on [225.0.0.222:34997]...

[Physics::Module] Initialized MultithreadedJobDispatcher with 7 workers.
Refreshing native plugins compatible for Editor in 28,55 ms, found 0 plugins.
Preloading 0 native plugins for Editor in 0,00 ms.
Initialize engine version: 2022.3.29f1 (8d510ca76d2b)
[Subsystems] Discovering subsystems at path /home/vietbuiduc/Unity/Hub/Editor/2022.3.29f1/Editor/Data/Resources/UnitySubsystems
[Subsystems] Discovering subsystems at path /home/vietbuiduc/My project/Assets
GLX Extensions: GLX_ARB_context_flush_control GLX_ARB_create_context GLX_ARB_create_context_no_error GLX_ARB_create_context_profile GLX_ARB_create_context_robustness GLX_ARB_fbconfig_float GLX_ARB_framebuffer_sRGB GLX_ARB_get_proc_address GLX_ARB_multisample GLX_EXT_buffer_age GLX_EXT_create_context_es2_profile GLX_EXT_create_context_es_profile GLX_EXT_fbconfig_packed_float GLX_EXT_framebuffer_sRGB GLX_EXT_no_config_context GLX_EXT_swap_control GLX_EXT_swap_control_tear GLX_EXT_texture_from_pixmap GLX_EXT_visual_info GLX_EXT_visual_rating GLX_MESA_copy_sub_buffer GLX_MESA_query_renderer GLX_MESA_swap_control GLX_OML_swap_method GLX_OML_sync_control GLX_SGIS_multisample GLX_SGIX_fbconfig GLX_SGIX_pbuffer GLX_SGIX_visual_select_group GLX_SGI_make_current_read GLX_SGI_video_sync 
Renderer: Mesa Intel(R) UHD Graphics 620 (KBL GT2)
Vendor:   Intel
Version:  4.6 (Core Profile) Mesa 23.2.1-1ubuntu3.1~22.04.2
GLES:     0
 GL_3DFX_texture_compression_FXT1 GL_AMD_conservative_depth GL_AMD_depth_clamp_separate GL_AMD_draw_buffers_blend GL_AMD_gpu_shader_int64 GL_AMD_multi_draw_indirect GL_AMD_performance_monitor GL_AMD_pinned_memory GL_AMD_query_buffer_object GL_AMD_seamless_cubemap_per_texture GL_AMD_shader_stencil_export GL_AMD_shader_trinary_minmax GL_AMD_texture_texture4 GL_AMD_vertex_shader_layer GL_AMD_vertex_shader_viewport_index GL_ANGLE_texture_compression_dxt3 GL_ANGLE_texture_compression_dxt5 GL_ARB_ES2_compatibility GL_ARB_ES3_1_compatibility GL_ARB_ES3_2_compatibility GL_ARB_ES3_compatibility GL_ARB_arrays_of_arrays GL_ARB_base_instance GL_ARB_blend_func_extended GL_ARB_buffer_storage GL_ARB_clear_buffer_object GL_ARB_clear_texture GL_ARB_clip_control GL_ARB_compressed_texture_pixel_storage GL_ARB_compute_shader GL_ARB_compute_variable_group_size GL_ARB_conditional_render_inverted GL_ARB_conservative_depth GL_ARB_copy_buffer GL_ARB_copy_image GL_ARB_cull_distance GL_ARB_debug_output GL_ARB_depth_buffer_float GL_ARB
_depth_clamp GL_ARB_derivative_control GL_ARB_direct_state_access GL_ARB_draw_buffers GL_ARB_draw_buffers_blend GL_ARB_draw_elements_base_vertex GL_ARB_draw_indirect GL_ARB_draw_instanced GL_ARB_enhanced_layouts GL_ARB_explicit_attrib_location GL_ARB_explicit_uniform_location GL_ARB_fragment_coord_conventions GL_ARB_fragment_layer_viewport GL_ARB_fragment_shader GL_ARB_fragment_shader_interlock GL_ARB_framebuffer_no_attachments GL_ARB_framebuffer_object GL_ARB_framebuffer_sRGB GL_ARB_get_program_binary GL_ARB_get_texture_sub_image GL_ARB_gl_spirv GL_ARB_gpu_shader5 GL_ARB_gpu_shader_fp64 GL_ARB_gpu_shader_int64 GL_ARB_half_float_pixel GL_ARB_half_float_vertex GL_ARB_indirect_parameters GL_ARB_instanced_arrays GL_ARB_internalformat_query GL_ARB_internalformat_query2 GL_ARB_invalidate_subdata GL_ARB_map_buffer_alignment GL_ARB_map_buffer_range GL_ARB_multi_bind GL_ARB_multi_draw_indirect GL_ARB_occlusion_query2 GL_ARB_parallel_shader_compile GL_ARB_pipeline_statistics_query GL_ARB_pixel_buffer_object GL_ARB_po
int_sprite GL_ARB_polygon_offset_clamp GL_ARB_post_depth_coverage GL_ARB_program_interface_query GL_ARB_provoking_vertex GL_ARB_query_buffer_object GL_ARB_robust_buffer_access_behavior GL_ARB_robustness GL_ARB_sample_shading GL_ARB_sampler_objects GL_ARB_seamless_cube_map GL_ARB_seamless_cubemap_per_texture GL_ARB_separate_shader_objects GL_ARB_shader_atomic_counter_ops GL_ARB_shader_atomic_counters GL_ARB_shader_ballot GL_ARB_shader_bit_encoding GL_ARB_shader_clock GL_ARB_shader_draw_parameters GL_ARB_shader_group_vote GL_ARB_shader_image_load_store GL_ARB_shader_image_size GL_ARB_shader_objects GL_ARB_shader_precision GL_ARB_shader_stencil_export GL_ARB_shader_storage_buffer_object GL_ARB_shader_subroutine GL_ARB_shader_texture_image_samples GL_ARB_shader_texture_lod GL_ARB_shader_viewport_layer_array GL_ARB_shading_language_420pack GL_ARB_shading_language_include GL_ARB_shading_language_packing GL_ARB_spirv_extensions GL_ARB_stencil_texturing GL_ARB_sync GL_ARB_tessellation_shader GL_ARB_texture_barrier G
L_ARB_texture_buffer_object GL_ARB_texture_buffer_object_rgb32 GL_ARB_texture_buffer_range GL_ARB_texture_compression_bptc GL_ARB_texture_compression_rgtc GL_ARB_texture_cube_map_array GL_ARB_texture_filter_anisotropic GL_ARB_texture_float GL_ARB_texture_gather GL_ARB_texture_mirror_clamp_to_edge GL_ARB_texture_multisample GL_ARB_texture_non_power_of_two GL_ARB_texture_query_levels GL_ARB_texture_query_lod GL_ARB_texture_rectangle GL_ARB_texture_rg GL_ARB_texture_rgb10_a2ui GL_ARB_texture_stencil8 GL_ARB_texture_storage GL_ARB_texture_storage_multisample GL_ARB_texture_swizzle GL_ARB_texture_view GL_ARB_timer_query GL_ARB_transform_feedback2 GL_ARB_transform_feedback3 GL_ARB_transform_feedback_instanced GL_ARB_transform_feedback_overflow_query GL_ARB_uniform_buffer_object GL_ARB_vertex_array_bgra GL_ARB_vertex_array_object GL_ARB_vertex_attrib_64bit GL_ARB_vertex_attrib_binding GL_ARB_vertex_buffer_object GL_ARB_vertex_shader GL_ARB_vertex_type_10f_11f_11f_rev GL_ARB_vertex_type_2_10_10_10_rev GL_ARB_viewpor
t_array GL_ATI_blend_equation_separate GL_ATI_texture_float GL_EXT_EGL_image_storage GL_EXT_EGL_sync GL_EXT_abgr GL_EXT_blend_equation_separate GL_EXT_debug_label GL_EXT_demote_to_helper_invocation GL_EXT_draw_buffers2 GL_EXT_draw_instanced GL_EXT_framebuffer_blit GL_EXT_framebuffer_multisample GL_EXT_framebuffer_multisample_blit_scaled GL_EXT_framebuffer_object GL_EXT_framebuffer_sRGB GL_EXT_memory_object GL_EXT_memory_object_fd GL_EXT_packed_depth_stencil GL_EXT_packed_float GL_EXT_pixel_buffer_object GL_EXT_polygon_offset_clamp GL_EXT_provoking_vertex GL_EXT_semaphore GL_EXT_semaphore_fd GL_EXT_shader_framebuffer_fetch GL_EXT_shader_framebuffer_fetch_non_coherent GL_EXT_shader_integer_mix GL_EXT_shader_samples_identical GL_EXT_texture_array GL_EXT_texture_compression_dxt1 GL_EXT_texture_compression_rgtc GL_EXT_texture_compression_s3tc GL_EXT_texture_filter_anisotropic GL_EXT_texture_integer GL_EXT_texture_sRGB GL_EXT_texture_sRGB_R8 GL_EXT_texture_sRGB_decode GL_EXT_texture_shadow_lod GL_EXT_texture_share
d_exponent GL_EXT_texture_snorm GL_EXT_texture_swizzle GL_EXT_timer_query GL_EXT_transform_feedback GL_EXT_vertex_array_bgra GL_EXT_vertex_attrib_64bit GL_IBM_multimode_draw_arrays GL_INTEL_blackhole_render GL_INTEL_conservative_rasterization GL_INTEL_performance_query GL_INTEL_shader_atomic_float_minmax GL_INTEL_shader_integer_functions2 GL_KHR_blend_equation_advanced GL_KHR_blend_equation_advanced_coherent GL_KHR_context_flush_control GL_KHR_debug GL_KHR_no_error GL_KHR_parallel_shader_compile GL_KHR_robust_buffer_access_behavior GL_KHR_robustness GL_KHR_texture_compression_astc_ldr GL_KHR_texture_compression_astc_sliced_3d GL_MESA_framebuffer_flip_y GL_MESA_pack_invert GL_MESA_shader_integer_functions GL_MESA_texture_signed_rgba GL_NV_alpha_to_coverage_dither_control GL_NV_compute_shader_derivatives GL_NV_conditional_render GL_NV_copy_image GL_NV_depth_clamp GL_NV_fragment_shader_interlock GL_NV_packed_depth_stencil GL_NV_texture_barrier GL_OES_EGL_image GL_S3_s3tc
OPENGL LOG: Creating OpenGL 4.6 graphics device ; Context level  <OpenGL 4.5> ; Context handle 2093166128
Shader Hidden/ProbeVolume/VoxelizeScene is not supported: GPU does not support conservative rasterization
Initialize mono
Mono path[0] = '/home/vietbuiduc/Unity/Hub/Editor/2022.3.29f1/Editor/Data/Managed'
Mono path[1] = '/home/vietbuiduc/Unity/Hub/Editor/2022.3.29f1/Editor/Data/MonoBleedingEdge/lib/mono/unityjit-linux'
Mono config path = '/home/vietbuiduc/Unity/Hub/Editor/2022.3.29f1/Editor/Data/MonoBleedingEdge/etc'
Using monoOptions --debugger-agent=transport=dt_socket,embedding=1,server=y,suspend=n,address=127.0.0.1:56929
Begin MonoManager ReloadAssembly
Registering precompiled unity dll's ...
Register platform support module: /home/vietbuiduc/Unity/Hub/Editor/2022.3.29f1/Editor/Data/PlaybackEngines/WebGLSupport/UnityEditor.WebGL.Extensions.dll
Register platform support module: /home/vietbuiduc/Unity/Hub/Editor/2022.3.29f1/Editor/Data/PlaybackEngines/LinuxStandaloneSupport/UnityEditor.LinuxStandalone.Extensions.dll
Registered in 0,075863 seconds.
- Loaded All Assemblies, in  2,057 seconds
Native extension for LinuxStandalone target not found
Native extension for WebGL target not found
Mono: successfully reloaded assembly
- Finished resetting the current domain, in  0,482 seconds
Domain Reload Profiling: 2550ms
	BeginReloadAssembly (950ms)
		ExecutionOrderSort (0ms)
		DisableScriptedObjects (0ms)
		BackupInstance (0ms)
		ReleaseScriptingObjects (0ms)
		CreateAndSetChildDomain (1ms)
	RebuildCommonClasses (120ms)
	RebuildNativeTypeToScriptingClass (11ms)
	initialDomainReloadingComplete (206ms)
	LoadAllAssembliesAndSetupDomain (780ms)
		LoadAssemblies (970ms)
		RebuildTransferFunctionScriptingTraits (0ms)
		AnalyzeDomain (745ms)
			TypeCache.Refresh (736ms)
				TypeCache.ScanAssembly (594ms)
			ScanForSourceGeneratedMonoScriptInfo (1ms)
			ResolveRequiredComponents (8ms)
	FinalizeReload (482ms)
		ReleaseScriptCaches (0ms)
		RebuildScriptCaches (0ms)
		SetupLoadedEditorAssemblies (392ms)
			LogAssemblyErrors (0ms)
			InitializePlatformSupportModulesInManaged (17ms)
			SetLoadedEditorAssemblies (16ms)
			RefreshPlugins (0ms)
			BeforeProcessingInitializeOnLoad (10ms)
			ProcessInitializeOnLoadAttributes (268ms)
			ProcessInitializeOnLoadMethodAttributes (80ms)
			AfterProcessingInitializeOnLoad (0ms)
			EditorAssembliesLoaded (0ms)
		ExecutionOrderSort2 (0ms)
		AwakeInstancesAfterBackupRestoration (0ms)
========================================================================
Worker process is ready to serve import requests
Begin MonoManager ReloadAssembly
- Loaded All Assemblies, in  9,099 seconds
Refreshing native plugins compatible for Editor in 2,12 ms, found 0 plugins.
Native extension for LinuxStandalone target not found
Native extension for WebGL target not found
Package Manager log level set to [2]
[Package Manager] Server::EnsureServerProcessIsRunning -- launch failed, reason: Unity was launched with the -noUpm command-line argument
[Package Manager] UpmClient::Send -- Unable to send message (not connected to UPM process).
[Package Manager] Cannot connect to Unity Package Manager local server
Mono: successfully reloaded assembly
- Finished resetting the current domain, in  1,723 seconds
Domain Reload Profiling: 10801ms
	BeginReloadAssembly (280ms)
		ExecutionOrderSort (0ms)
		DisableScriptedObjects (12ms)
		BackupInstance (0ms)
		ReleaseScriptingObjects (0ms)
		CreateAndSetChildDomain (39ms)
	RebuildCommonClasses (54ms)
	RebuildNativeTypeToScriptingClass (13ms)
	initialDomainReloadingComplete (86ms)
	LoadAllAssembliesAndSetupDomain (8645ms)
		LoadAssemblies (7171ms)
		RebuildTransferFunctionScriptingTraits (0ms)
		AnalyzeDomain (1638ms)
			TypeCache.Refresh (1580ms)
				TypeCache.ScanAssembly (1553ms)
			ScanForSourceGeneratedMonoScriptInfo (39ms)
			ResolveRequiredComponents (17ms)
	FinalizeReload (1723ms)
		ReleaseScriptCaches (0ms)
		RebuildScriptCaches (0ms)
		SetupLoadedEditorAssemblies (1418ms)
			LogAssemblyErrors (0ms)
			InitializePlatformSupportModulesInManaged (15ms)
			SetLoadedEditorAssemblies (7ms)
			RefreshPlugins (0ms)
			BeforeProcessingInitializeOnLoad (128ms)
			ProcessInitializeOnLoadAttributes (986ms)
			ProcessInitializeOnLoadMethodAttributes (268ms)
			AfterProcessingInitializeOnLoad (13ms)
			EditorAssembliesLoaded (0ms)
		ExecutionOrderSort2 (0ms)
		AwakeInstancesAfterBackupRestoration (9ms)
Shader Hidden/ProbeVolume/VoxelizeScene is not supported: GPU does not support conservative rasterization
Launched and connected shader compiler UnityShaderCompiler after 1.03 seconds
Refreshing native plugins compatible for Editor in 8,07 ms, found 0 plugins.
Preloading 0 native plugins for Editor in 0,00 ms.
Unloading 5465 Unused Serialized files (Serialized files now loaded: 0)
Unloading 105 unused Assets / (1,2 MB). Loaded Objects now: 5892.
Memory consumption went from 206,3 MB to 205,0 MB.
Total: 9,693363 ms (FindLiveObjects: 0,600632 ms CreateObjectMapping: 0,646808 ms MarkObjects: 5,891802 ms  DeleteObjects: 2,551292 ms)

AssetImportParameters requested are different than current active one (requested -> active):
  custom:container-demuxer-ogg: 62fdf1f143b41e24485cea50d1cbac27 -> 
  custom:video-decoder-ogg-theora: a1e56fd34408186e4bbccfd4996cb3dc -> 
  custom:CustomObjectIndexerAttribute: f3847dcb39c2a616e8d79845aaae36f1 -> 
  custom:container-demuxer-webm: 4f35f7cbe854078d1ac9338744f61a02 -> 
  custom:container-muxer-webm: aa71ff27fc2769a1b78a27578f13a17b -> 
  custom:video-decoder-webm-vp8: 9c59270c3fd7afecdb556c50c9e8de78 -> 
  custom:SearchIndexIgnoredProperties: e643bd26f0fe6173181afceb89e7c659 -> 
  custom:AudioImporter_EditorPlatform: 2f0ff77a95e0ac474e3e8eeba4e2f7cb -> 
  custom:video-encoder-webm-vp8: eb34c28f22e8b96e1ab97ce403110664 -> 
  custom:audio-decoder-ogg-vorbis: bf7c407c2cedff20999df2af8eb42d56 -> 
  custom:audio-encoder-webm-vorbis: bf7c407c2cedff20999df2af8eb42d56 -> 
========================================================================
Received Import Request.
  Time since last request: 38985,600877 seconds.
  path: Assets/TextMesh Pro/Resources/Fonts & Materials/LiberationSans SDF - Outline.mat
  artifactKey: Guid(79459efec17a4d00a321bdcc27bbc385) Importer(815301076,1909f56bfc062723c751e8b465ee728b)
Start importing Assets/TextMesh Pro/Resources/Fonts & Materials/LiberationSans SDF - Outline.mat using Guid(79459efec17a4d00a321bdcc27bbc385) Importer(815301076,1909f56bfc062723c751e8b465ee728b)  -> (artifact id: '4aff942c603b816d3eb04bf27adc237e') in 0,535778 seconds
Number of updated asset objects reloaded before import = 0
Number of asset objects unloaded after import = 4
========================================================================
Received Import Request.
  Time since last request: 0,000057 seconds.
  path: Assets/TextMesh Pro/Resources/Fonts & Materials/LiberationSans SDF.asset
  artifactKey: Guid(8f586378b4e144a9851e7b34d9b748ee) Importer(815301076,1909f56bfc062723c751e8b465ee728b)
Start importing Assets/TextMesh Pro/Resources/Fonts & Materials/LiberationSans SDF.asset using Guid(8f586378b4e144a9851e7b34d9b748ee) Importer(815301076,1909f56bfc062723c751e8b465ee728b)  -> (artifact id: '3558c7d615d9a110cfd82bc43f6939b4') in 0,026258 seconds
Number of updated asset objects reloaded before import = 0
Number of asset objects unloaded after import = 3
========================================================================
Received Import Request.
  Time since last request: 91,793144 seconds.
  path: Assets/Mod Assets/Mod Resources/Fonts/BioRhymeExpanded-Regular SDF.asset
  artifactKey: Guid(2d0aaede2506c4ca0969c32576224028) Importer(815301076,1909f56bfc062723c751e8b465ee728b)
Start importing Assets/Mod Assets/Mod Resources/Fonts/BioRhymeExpanded-Regular SDF.asset using Guid(2d0aaede2506c4ca0969c32576224028) Importer(815301076,1909f56bfc062723c751e8b465ee728b)  -> (artifact id: '8eb2e414536320c47dae3c92f1b6d5f0') in 0,716108 seconds
Number of updated asset objects reloaded before import = 0
Number of asset objects unloaded after import = 6
========================================================================
Received Import Request.
  Time since last request: 0,001036 seconds.
  path: Assets/Mod Assets/Mod Resources/Fonts/CormorantUnicase-Regular SDF.asset
  artifactKey: Guid(ba62bccd3bc0142bc9a0bc1addeaadce) Importer(815301076,1909f56bfc062723c751e8b465ee728b)
Start importing Assets/Mod Assets/Mod Resources/Fonts/CormorantUnicase-Regular SDF.asset using Guid(ba62bccd3bc0142bc9a0bc1addeaadce) Importer(815301076,1909f56bfc062723c751e8b465ee728b)  -> (artifact id: 'f745d0a4bc2041a2d21df3a8ad37fa5e') in 0,040845 seconds
Number of updated asset objects reloaded before import = 0
Number of asset objects unloaded after import = 6
========================================================================
Received Import Request.
  Time since last request: 0,000056 seconds.
  path: Assets/Mod Assets/Mod Resources/Fonts/Raleway-Regular SDF.asset
  artifactKey: Guid(2abf75d6e0d8a4aa6910fae6ee5d638b) Importer(815301076,1909f56bfc062723c751e8b465ee728b)
Start importing Assets/Mod Assets/Mod Resources/Fonts/Raleway-Regular SDF.asset using Guid(2abf75d6e0d8a4aa6910fae6ee5d638b) Importer(815301076,1909f56bfc062723c751e8b465ee728b)  -> (artifact id: 'ad4dc9d86fa84dfb815176216279646a') in 0,047697 seconds
Number of updated asset objects reloaded before import = 0
Number of asset objects unloaded after import = 6
========================================================================
Received Import Request.
  Time since last request: 0,000052 seconds.
  path: Assets/Mod Assets/Mod Resources/Fonts/Orbitron-Regular SDF.asset
  artifactKey: Guid(d393f12bd75574ef991a7a2c74b29c69) Importer(815301076,1909f56bfc062723c751e8b465ee728b)
Start importing Assets/Mod Assets/Mod Resources/Fonts/Orbitron-Regular SDF.asset using Guid(d393f12bd75574ef991a7a2c74b29c69) Importer(815301076,1909f56bfc062723c751e8b465ee728b)  -> (artifact id: 'acc5aeed1671dbc0077b583b2152d98a') in 0,039684 seconds
Number of updated asset objects reloaded before import = 0
Number of asset objects unloaded after import = 6
========================================================================
Received Import Request.
  Time since last request: 0,000922 seconds.
  path: Assets/Mod Assets/Mod Resources/Fonts/IndieFlower SDF.asset
  artifactKey: Guid(2a0d250d860e74880b33abdcb4a9da2a) Importer(815301076,1909f56bfc062723c751e8b465ee728b)
Start importing Assets/Mod Assets/Mod Resources/Fonts/IndieFlower SDF.asset using Guid(2a0d250d860e74880b33abdcb4a9da2a) Importer(815301076,1909f56bfc062723c751e8b465ee728b)  -> (artifact id: '39c3561a641f1969432705c88a5abeb7') in 0,042008 seconds
Number of updated asset objects reloaded before import = 0
Number of asset objects unloaded after import = 6
========================================================================
Received Prepare
Begin MonoManager ReloadAssembly
- Loaded All Assemblies, in 12,202 seconds
Refreshing native plugins compatible for Editor in 17,52 ms, found 0 plugins.
Native extension for LinuxStandalone target not found
Native extension for WebGL target not found
[Package Manager] Server::EnsureServerProcessIsRunning -- launch failed, reason: Unity was launched with the -noUpm command-line argument
[Package Manager] UpmClient::Send -- Unable to send message (not connected to UPM process).
[Package Manager] Cannot connect to Unity Package Manager local server
Mono: successfully reloaded assembly
- Finished resetting the current domain, in  4,790 seconds
Domain Reload Profiling: 17006ms
	BeginReloadAssembly (3035ms)
		ExecutionOrderSort (0ms)
		DisableScriptedObjects (392ms)
		BackupInstance (0ms)
		ReleaseScriptingObjects (2ms)
		CreateAndSetChildDomain (1637ms)
	RebuildCommonClasses (101ms)
	RebuildNativeTypeToScriptingClass (18ms)
	initialDomainReloadingComplete (159ms)
	LoadAllAssembliesAndSetupDomain (8901ms)
		LoadAssemblies (7784ms)
		RebuildTransferFunctionScriptingTraits (0ms)
		AnalyzeDomain (1730ms)
			TypeCache.Refresh (949ms)
				TypeCache.ScanAssembly (0ms)
			ScanForSourceGeneratedMonoScriptInfo (42ms)
			ResolveRequiredComponents (735ms)
	FinalizeReload (4793ms)
		ReleaseScriptCaches (0ms)
		RebuildScriptCaches (0ms)
		SetupLoadedEditorAssemblies (2457ms)
			LogAssemblyErrors (0ms)
			InitializePlatformSupportModulesInManaged (36ms)
			SetLoadedEditorAssemblies (18ms)
			RefreshPlugins (0ms)
			BeforeProcessingInitializeOnLoad (195ms)
			ProcessInitializeOnLoadAttributes (2046ms)
			ProcessInitializeOnLoadMethodAttributes (152ms)
			AfterProcessingInitializeOnLoad (10ms)
			EditorAssembliesLoaded (1ms)
		ExecutionOrderSort2 (0ms)
		AwakeInstancesAfterBackupRestoration (20ms)
Shader Hidden/ProbeVolume/VoxelizeScene is not supported: GPU does not support conservative rasterization
Refreshing native plugins compatible for Editor in 4,42 ms, found 0 plugins.
Preloading 0 native plugins for Editor in 0,00 ms.
Unloading 5329 Unused Serialized files (Serialized files now loaded: 0)
Unloading 66 unused Assets / (1,1 MB). Loaded Objects now: 5992.
Memory consumption went from 185,9 MB to 184,7 MB.
Total: 98,083898 ms (FindLiveObjects: 0,929333 ms CreateObjectMapping: 0,867462 ms MarkObjects: 90,889909 ms  DeleteObjects: 5,393412 ms)

Prepare: number of updated asset objects reloaded= 0
AssetImportParameters requested are different than current active one (requested -> active):
  custom:container-demuxer-ogg: 62fdf1f143b41e24485cea50d1cbac27 -> 
  custom:video-decoder-ogg-theora: a1e56fd34408186e4bbccfd4996cb3dc -> 
  custom:CustomObjectIndexerAttribute: f3847dcb39c2a616e8d79845aaae36f1 -> 
  custom:container-demuxer-webm: 4f35f7cbe854078d1ac9338744f61a02 -> 
  custom:container-muxer-webm: aa71ff27fc2769a1b78a27578f13a17b -> 
  custom:video-decoder-webm-vp8: 9c59270c3fd7afecdb556c50c9e8de78 -> 
  custom:SearchIndexIgnoredProperties: e643bd26f0fe6173181afceb89e7c659 -> 
  custom:AudioImporter_EditorPlatform: 2f0ff77a95e0ac474e3e8eeba4e2f7cb -> 
  custom:video-encoder-webm-vp8: eb34c28f22e8b96e1ab97ce403110664 -> 
  custom:audio-decoder-ogg-vorbis: bf7c407c2cedff20999df2af8eb42d56 -> 
  custom:audio-encoder-webm-vorbis: bf7c407c2cedff20999df2af8eb42d56 -> 
========================================================================
Received Prepare
Begin MonoManager ReloadAssembly
- Loaded All Assemblies, in 10,730 seconds
Refreshing native plugins compatible for Editor in 5,69 ms, found 0 plugins.
Native extension for LinuxStandalone target not found
Native extension for WebGL target not found
[Package Manager] Server::EnsureServerProcessIsRunning -- launch failed, reason: Unity was launched with the -noUpm command-line argument
[Package Manager] UpmClient::Send -- Unable to send message (not connected to UPM process).
[Package Manager] Cannot connect to Unity Package Manager local server
Mono: successfully reloaded assembly
- Finished resetting the current domain, in  3,287 seconds
Domain Reload Profiling: 14030ms
	BeginReloadAssembly (4144ms)
		ExecutionOrderSort (0ms)
		DisableScriptedObjects (379ms)
		BackupInstance (0ms)
		ReleaseScriptingObjects (3ms)
		CreateAndSetChildDomain (2115ms)
	RebuildCommonClasses (123ms)
	RebuildNativeTypeToScriptingClass (25ms)
	initialDomainReloadingComplete (233ms)
	LoadAllAssembliesAndSetupDomain (6216ms)
		LoadAssemblies (6147ms)
		RebuildTransferFunctionScriptingTraits (0ms)
		AnalyzeDomain (1011ms)
			TypeCache.Refresh (144ms)
				TypeCache.ScanAssembly (0ms)
			ScanForSourceGeneratedMonoScriptInfo (10ms)
			ResolveRequiredComponents (854ms)
	FinalizeReload (3289ms)
		ReleaseScriptCaches (0ms)
		RebuildScriptCaches (0ms)
		SetupLoadedEditorAssemblies (1145ms)
			LogAssemblyErrors (0ms)
			InitializePlatformSupportModulesInManaged (35ms)
			SetLoadedEditorAssemblies (21ms)
			RefreshPlugins (0ms)
			BeforeProcessingInitializeOnLoad (181ms)
			ProcessInitializeOnLoadAttributes (726ms)
			ProcessInitializeOnLoadMethodAttributes (170ms)
			AfterProcessingInitializeOnLoad (11ms)
			EditorAssembliesLoaded (1ms)
		ExecutionOrderSort2 (0ms)
		AwakeInstancesAfterBackupRestoration (20ms)
Shader Hidden/ProbeVolume/VoxelizeScene is not supported: GPU does not support conservative rasterization
Refreshing native plugins compatible for Editor in 2,11 ms, found 0 plugins.
Preloading 0 native plugins for Editor in 0,00 ms.
Unloading 5328 Unused Serialized files (Serialized files now loaded: 0)
Unloading 66 unused Assets / (1,1 MB). Loaded Objects now: 6008.
Memory consumption went from 185,5 MB to 184,4 MB.
Total: 18,016853 ms (FindLiveObjects: 1,579619 ms CreateObjectMapping: 0,837325 ms MarkObjects: 13,952922 ms  DeleteObjects: 1,634942 ms)

Prepare: number of updated asset objects reloaded= 0
AssetImportParameters requested are different than current active one (requested -> active):
  custom:container-demuxer-ogg: 62fdf1f143b41e24485cea50d1cbac27 -> 
  custom:video-decoder-ogg-theora: a1e56fd34408186e4bbccfd4996cb3dc -> 
  custom:CustomObjectIndexerAttribute: f3847dcb39c2a616e8d79845aaae36f1 -> 
  custom:container-demuxer-webm: 4f35f7cbe854078d1ac9338744f61a02 -> 
  custom:container-muxer-webm: aa71ff27fc2769a1b78a27578f13a17b -> 
  custom:video-decoder-webm-vp8: 9c59270c3fd7afecdb556c50c9e8de78 -> 
  custom:SearchIndexIgnoredProperties: e643bd26f0fe6173181afceb89e7c659 -> 
  custom:AudioImporter_EditorPlatform: 2f0ff77a95e0ac474e3e8eeba4e2f7cb -> 
  custom:video-encoder-webm-vp8: eb34c28f22e8b96e1ab97ce403110664 -> 
  custom:audio-decoder-ogg-vorbis: bf7c407c2cedff20999df2af8eb42d56 -> 
  custom:audio-encoder-webm-vorbis: bf7c407c2cedff20999df2af8eb42d56 -> 
========================================================================
Received Prepare
Begin MonoManager ReloadAssembly
- Loaded All Assemblies, in 16,841 seconds
Refreshing native plugins compatible for Editor in 23,78 ms, found 0 plugins.
Native extension for LinuxStandalone target not found
Native extension for WebGL target not found
[Package Manager] Server::EnsureServerProcessIsRunning -- launch failed, reason: Unity was launched with the -noUpm command-line argument
[Package Manager] UpmClient::Send -- Unable to send message (not connected to UPM process).
[Package Manager] Cannot connect to Unity Package Manager local server
Mono: successfully reloaded assembly
- Finished resetting the current domain, in  4,180 seconds
Domain Reload Profiling: 21046ms
	BeginReloadAssembly (5946ms)
		ExecutionOrderSort (0ms)
		DisableScriptedObjects (211ms)
		BackupInstance (0ms)
		ReleaseScriptingObjects (2ms)
		CreateAndSetChildDomain (2837ms)
	RebuildCommonClasses (78ms)
	RebuildNativeTypeToScriptingClass (12ms)
	initialDomainReloadingComplete (165ms)
	LoadAllAssembliesAndSetupDomain (10663ms)
		LoadAssemblies (12303ms)
		RebuildTransferFunctionScriptingTraits (0ms)
		AnalyzeDomain (555ms)
			TypeCache.Refresh (198ms)
				TypeCache.ScanAssembly (8ms)
			ScanForSourceGeneratedMonoScriptInfo (269ms)
			ResolveRequiredComponents (87ms)
	FinalizeReload (4182ms)
		ReleaseScriptCaches (0ms)
		RebuildScriptCaches (0ms)
		SetupLoadedEditorAssemblies (1854ms)
			LogAssemblyErrors (0ms)
			InitializePlatformSupportModulesInManaged (29ms)
			SetLoadedEditorAssemblies (23ms)
			RefreshPlugins (0ms)
			BeforeProcessingInitializeOnLoad (199ms)
			ProcessInitializeOnLoadAttributes (1447ms)
			ProcessInitializeOnLoadMethodAttributes (147ms)
			AfterProcessingInitializeOnLoad (8ms)
			EditorAssembliesLoaded (1ms)
		ExecutionOrderSort2 (0ms)
		AwakeInstancesAfterBackupRestoration (20ms)
Shader Hidden/ProbeVolume/VoxelizeScene is not supported: GPU does not support conservative rasterization
Refreshing native plugins compatible for Editor in 119,93 ms, found 0 plugins.
Preloading 0 native plugins for Editor in 0,00 ms.
Unloading 5329 Unused Serialized files (Serialized files now loaded: 0)
Unloading 66 unused Assets / (1,1 MB). Loaded Objects now: 6025.
Memory consumption went from 185,6 MB to 184,5 MB.
Total: 500,199758 ms (FindLiveObjects: 38,124919 ms CreateObjectMapping: 5,667595 ms MarkObjects: 396,251239 ms  DeleteObjects: 60,151480 ms)

Prepare: number of updated asset objects reloaded= 0
AssetImportParameters requested are different than current active one (requested -> active):
  custom:container-demuxer-ogg: 62fdf1f143b41e24485cea50d1cbac27 -> 
  custom:video-decoder-ogg-theora: a1e56fd34408186e4bbccfd4996cb3dc -> 
  custom:CustomObjectIndexerAttribute: f3847dcb39c2a616e8d79845aaae36f1 -> 
  custom:container-demuxer-webm: 4f35f7cbe854078d1ac9338744f61a02 -> 
  custom:container-muxer-webm: aa71ff27fc2769a1b78a27578f13a17b -> 
  custom:video-decoder-webm-vp8: 9c59270c3fd7afecdb556c50c9e8de78 -> 
  custom:SearchIndexIgnoredProperties: e643bd26f0fe6173181afceb89e7c659 -> 
  custom:AudioImporter_EditorPlatform: 2f0ff77a95e0ac474e3e8eeba4e2f7cb -> 
  custom:video-encoder-webm-vp8: eb34c28f22e8b96e1ab97ce403110664 -> 
  custom:audio-decoder-ogg-vorbis: bf7c407c2cedff20999df2af8eb42d56 -> 
  custom:audio-encoder-webm-vorbis: bf7c407c2cedff20999df2af8eb42d56 -> 
========================================================================
Received Import Request.
  Time since last request: 3685,469838 seconds.
  path: Assets/Settings/High_PipelineAsset_ForwardRenderer.asset
  artifactKey: Guid(22206c6295b02ba4faf8d17839ce1206) Importer(815301076,1909f56bfc062723c751e8b465ee728b)
Start importing Assets/Settings/High_PipelineAsset_ForwardRenderer.asset using Guid(22206c6295b02ba4faf8d17839ce1206) Importer(815301076,1909f56bfc062723c751e8b465ee728b)  -> (artifact id: 'b75422af90e5b1bdc4b9d18d51e0e9c7') in 1,394835 seconds
Number of updated asset objects reloaded before import = 0
Number of asset objects unloaded after import = 1
========================================================================
Received Import Request.
  Time since last request: 78,659755 seconds.
  path: Assets/Rendering/Universal Render Pipeline Asset.asset
  artifactKey: Guid(e80b55d986a2d4044ae28978d9a6410a) Importer(815301076,1909f56bfc062723c751e8b465ee728b)
Start importing Assets/Rendering/Universal Render Pipeline Asset.asset using Guid(e80b55d986a2d4044ae28978d9a6410a) Importer(815301076,1909f56bfc062723c751e8b465ee728b)  -> (artifact id: '2b917dc7c0408b9183ca9d09e7ea2315') in 0,035025 seconds
Number of updated asset objects reloaded before import = 0
Number of asset objects unloaded after import = 2
========================================================================
Received Import Request.
  Time since last request: 0,000025 seconds.
  path: Assets/Rendering/Universal Render Pipeline Asset_Renderer.asset
  artifactKey: Guid(3cd71fba6c9731045991cc8e58e233e4) Importer(815301076,1909f56bfc062723c751e8b465ee728b)
Start importing Assets/Rendering/Universal Render Pipeline Asset_Renderer.asset using Guid(3cd71fba6c9731045991cc8e58e233e4) Importer(815301076,1909f56bfc062723c751e8b465ee728b)  -> (artifact id: 'f9ac32fcab0a8827b627ab7f2b6265ec') in 0,014228 seconds
Number of updated asset objects reloaded before import = 0
Number of asset objects unloaded after import = 1
========================================================================
Received Import Request.
  Time since last request: 14,175466 seconds.
  path: Assets/Mod Assets/Environment Sprites Colored/Brown/fence_brown.png
  artifactKey: Guid(0d92e8a89df6b4e80a4182cd76ec42b1) Importer(815301076,1909f56bfc062723c751e8b465ee728b)
Start importing Assets/Mod Assets/Environment Sprites Colored/Brown/fence_brown.png using Guid(0d92e8a89df6b4e80a4182cd76ec42b1) Importer(815301076,1909f56bfc062723c751e8b465ee728b)  -> (artifact id: 'bc3174f9661d8b6c2dbbe849078fb342') in 3,757545 seconds
Number of updated asset objects reloaded before import = 0
Number of asset objects unloaded after import = 3
========================================================================
Received Import Request.
  Time since last request: 0,000032 seconds.
  path: Assets/Mod Assets/Environment Sprites Colored/Brown/TallBuilding_brown.png
  artifactKey: Guid(3c36b4c486ce84b388f40e751ed0edb1) Importer(815301076,1909f56bfc062723c751e8b465ee728b)
Start importing Assets/Mod Assets/Environment Sprites Colored/Brown/TallBuilding_brown.png using Guid(3c36b4c486ce84b388f40e751ed0edb1) Importer(815301076,1909f56bfc062723c751e8b465ee728b)  -> (artifact id: '20339f7c6008baca7076401bb2f07217') in 0,044698 seconds
Number of updated asset objects reloaded before import = 0
Number of asset objects unloaded after import = 3
========================================================================
Received Import Request.
  Time since last request: 0,000031 seconds.
  path: Assets/Mod Assets/Environment Sprites Colored/Brown/TileFloatingRightEdge_red.png
  artifactKey: Guid(87091fe565c594eb189a1b1b23436b5f) Importer(815301076,1909f56bfc062723c751e8b465ee728b)
Start importing Assets/Mod Assets/Environment Sprites Colored/Brown/TileFloatingRightEdge_red.png using Guid(87091fe565c594eb189a1b1b23436b5f) Importer(815301076,1909f56bfc062723c751e8b465ee728b)  -> (artifact id: '3353d0d29638ec0266b5e60447615807') in 0,027647 seconds
Number of updated asset objects reloaded before import = 0
Number of asset objects unloaded after import = 3
========================================================================
Received Import Request.
  Time since last request: 0,000023 seconds.
  path: Assets/Mod Assets/Environment Sprites Colored/Brown/plant_brown.png
  artifactKey: Guid(b4fcf44bc5f874f889c65047797f64b0) Importer(815301076,1909f56bfc062723c751e8b465ee728b)
Start importing Assets/Mod Assets/Environment Sprites Colored/Brown/plant_brown.png using Guid(b4fcf44bc5f874f889c65047797f64b0) Importer(815301076,1909f56bfc062723c751e8b465ee728b)  -> (artifact id: '88732cad9433bbd9757a63fd8606b7db') in 0,028549 seconds
Number of updated asset objects reloaded before import = 0
Number of asset objects unloaded after import = 3
========================================================================
Received Import Request.
  Time since last request: 0,000029 seconds.
  path: Assets/Mod Assets/Environment Sprites Colored/Brown/MidgroundFiller_brown.png
  artifactKey: Guid(3e7c0350ec679444abe5b018ccdc5019) Importer(815301076,1909f56bfc062723c751e8b465ee728b)
Start importing Assets/Mod Assets/Environment Sprites Colored/Brown/MidgroundFiller_brown.png using Guid(3e7c0350ec679444abe5b018ccdc5019) Importer(815301076,1909f56bfc062723c751e8b465ee728b)  -> (artifact id: 'b473a0e32b66ad37258882b1f8e5a9bc') in 0,021229 seconds
Number of updated asset objects reloaded before import = 0
Number of asset objects unloaded after import = 3
========================================================================
Received Import Request.
  Time since last request: 0,000062 seconds.
  path: Assets/Mod Assets/Environment Sprites Colored/Brown/TileFloatingLeftEdge_red.png
  artifactKey: Guid(71b9d5136d74044dd8f14cbc5de9879a) Importer(815301076,1909f56bfc062723c751e8b465ee728b)
Start importing Assets/Mod Assets/Environment Sprites Colored/Brown/TileFloatingLeftEdge_red.png using Guid(71b9d5136d74044dd8f14cbc5de9879a) Importer(815301076,1909f56bfc062723c751e8b465ee728b)  -> (artifact id: 'aaa0faa0b2f31f89ece28d9a3d755751') in 0,022130 seconds
Number of updated asset objects reloaded before import = 0
Number of asset objects unloaded after import = 3
========================================================================
Received Import Request.
  Time since last request: 0,000145 seconds.
  path: Assets/Mod Assets/Environment Sprites Colored/Brown/tree_brown.png
  artifactKey: Guid(b8f3423654be24cc4b8a96acea0b6937) Importer(815301076,1909f56bfc062723c751e8b465ee728b)
Start importing Assets/Mod Assets/Environment Sprites Colored/Brown/tree_brown.png using Guid(b8f3423654be24cc4b8a96acea0b6937) Importer(815301076,1909f56bfc062723c751e8b465ee728b)  -> (artifact id: 'eb011e083e695e7bb38c41347afaa1ca') in 0,025116 seconds
Number of updated asset objects reloaded before import = 0
Number of asset objects unloaded after import = 3
========================================================================
Received Import Request.
  Time since last request: 0,000033 seconds.
  path: Assets/Mod Assets/Environment Sprites Colored/Brown/TileGround_red.png
  artifactKey: Guid(747cb647662d548c0949304a23e94246) Importer(815301076,1909f56bfc062723c751e8b465ee728b)
Start importing Assets/Mod Assets/Environment Sprites Colored/Brown/TileGround_red.png using Guid(747cb647662d548c0949304a23e94246) Importer(815301076,1909f56bfc062723c751e8b465ee728b)  -> (artifact id: '97c3ba15c99f4c626baf3bbcb03c01a8') in 0,021123 seconds
Number of updated asset objects reloaded before import = 0
Number of asset objects unloaded after import = 3
========================================================================
Received Import Request.
  Time since last request: 0,000045 seconds.
  path: Assets/Mod Assets/Environment Sprites Colored/Brown/house_brown.png
  artifactKey: Guid(b81846ef5cfe344758af2068c1886e06) Importer(815301076,1909f56bfc062723c751e8b465ee728b)
Start importing Assets/Mod Assets/Environment Sprites Colored/Brown/house_brown.png using Guid(b81846ef5cfe344758af2068c1886e06) Importer(815301076,1909f56bfc062723c751e8b465ee728b)  -> (artifact id: 'd20a83ea783483a038d54338bb7a64c4') in 0,035497 seconds
Number of updated asset objects reloaded before import = 0
Number of asset objects unloaded after import = 3
========================================================================
Received Import Request.
  Time since last request: 3,673124 seconds.
  path: Assets/Mod Assets/Environment Sprites Colored/Gold/fence_yellow.png
  artifactKey: Guid(c3a509627b36e426897fff62e8c1f553) Importer(815301076,1909f56bfc062723c751e8b465ee728b)
Start importing Assets/Mod Assets/Environment Sprites Colored/Gold/fence_yellow.png using Guid(c3a509627b36e426897fff62e8c1f553) Importer(815301076,1909f56bfc062723c751e8b465ee728b)  -> (artifact id: '1d6a15cae30d30f9d74719c9d7718b06') in 0,023824 seconds
Number of updated asset objects reloaded before import = 0
Number of asset objects unloaded after import = 3
========================================================================
Received Import Request.
  Time since last request: 0,000019 seconds.
  path: Assets/Mod Assets/Environment Sprites Colored/Gold/MidgroundFiller_yellow.png
  artifactKey: Guid(9f045422c06564ca2b167e3b6c363f9b) Importer(815301076,1909f56bfc062723c751e8b465ee728b)
Start importing Assets/Mod Assets/Environment Sprites Colored/Gold/MidgroundFiller_yellow.png using Guid(9f045422c06564ca2b167e3b6c363f9b) Importer(815301076,1909f56bfc062723c751e8b465ee728b)  -> (artifact id: 'c9ae2a0ad6a2e5d364e1c59291991fae') in 0,016329 seconds
Number of updated asset objects reloaded before import = 0
Number of asset objects unloaded after import = 3
========================================================================
Received Import Request.
  Time since last request: 0,000021 seconds.
  path: Assets/Mod Assets/Environment Sprites Colored/Gold/TileGround_yellow.png
  artifactKey: Guid(a756bb41a63604503aabac85828cfb9a) Importer(815301076,1909f56bfc062723c751e8b465ee728b)
Start importing Assets/Mod Assets/Environment Sprites Colored/Gold/TileGround_yellow.png using Guid(a756bb41a63604503aabac85828cfb9a) Importer(815301076,1909f56bfc062723c751e8b465ee728b)  -> (artifact id: '9909b9abe6db51d85d5a1f746355bfd9') in 0,020312 seconds
Number of updated asset objects reloaded before import = 0
Number of asset objects unloaded after import = 3
========================================================================
Received Import Request.
  Time since last request: 0,000036 seconds.
  path: Assets/Mod Assets/Environment Sprites Colored/Gold/TileFloatingLeftEdge_yellow.png
  artifactKey: Guid(063518b347e5845d0805939bace5d955) Importer(815301076,1909f56bfc062723c751e8b465ee728b)
Start importing Assets/Mod Assets/Environment Sprites Colored/Gold/TileFloatingLeftEdge_yellow.png using Guid(063518b347e5845d0805939bace5d955) Importer(815301076,1909f56bfc062723c751e8b465ee728b)  -> (artifact id: '76cc1cfbac9fa8f828b93667f779a742') in 0,021755 seconds
Number of updated asset objects reloaded before import = 0
Number of asset objects unloaded after import = 3
========================================================================
Received Import Request.
  Time since last request: 0,000038 seconds.
  path: Assets/Mod Assets/Environment Sprites Colored/Gold/midground_yellow.png
  artifactKey: Guid(b4bb429f148e643daac42b9aedbf9780) Importer(815301076,1909f56bfc062723c751e8b465ee728b)
Start importing Assets/Mod Assets/Environment Sprites Colored/Gold/midground_yellow.png using Guid(b4bb429f148e643daac42b9aedbf9780) Importer(815301076,1909f56bfc062723c751e8b465ee728b)  -> (artifact id: '4ecb0cec0c18e99f224a3b90b11252ac') in 0,028689 seconds
Number of updated asset objects reloaded before import = 0
Number of asset objects unloaded after import = 3
========================================================================
Received Import Request.
  Time since last request: 0,000042 seconds.
  path: Assets/Mod Assets/Environment Sprites Colored/Gold/ShortBuilding_yellow.png
  artifactKey: Guid(26a73491373bd4d21a8319a08156a761) Importer(815301076,1909f56bfc062723c751e8b465ee728b)
Start importing Assets/Mod Assets/Environment Sprites Colored/Gold/ShortBuilding_yellow.png using Guid(26a73491373bd4d21a8319a08156a761) Importer(815301076,1909f56bfc062723c751e8b465ee728b)  -> (artifact id: '1570de2eb6964c3b2c832fec43058fad') in 0,026269 seconds
Number of updated asset objects reloaded before import = 0
Number of asset objects unloaded after import = 3
========================================================================
Received Import Request.
  Time since last request: 0,000024 seconds.
  path: Assets/Mod Assets/Environment Sprites Colored/Gold/TileFloatingRightEdge_yellow.png
  artifactKey: Guid(64a8a5bb0573d4187b0b23d2f26e3fef) Importer(815301076,1909f56bfc062723c751e8b465ee728b)
Start importing Assets/Mod Assets/Environment Sprites Colored/Gold/TileFloatingRightEdge_yellow.png using Guid(64a8a5bb0573d4187b0b23d2f26e3fef) Importer(815301076,1909f56bfc062723c751e8b465ee728b)  -> (artifact id: 'a95de668b41167e4ccc6688573612a20') in 0,019331 seconds
Number of updated asset objects reloaded before import = 0
Number of asset objects unloaded after import = 3
========================================================================
Received Import Request.
  Time since last request: 0,000040 seconds.
  path: Assets/Mod Assets/Environment Sprites Colored/Gold/TileGroundTop_yellow.png
  artifactKey: Guid(64814a8d749cd4fb096743f22a469411) Importer(815301076,1909f56bfc062723c751e8b465ee728b)
Start importing Assets/Mod Assets/Environment Sprites Colored/Gold/TileGroundTop_yellow.png using Guid(64814a8d749cd4fb096743f22a469411) Importer(815301076,1909f56bfc062723c751e8b465ee728b)  -> (artifact id: 'bcf6c0832ad717e1a8bafa75e449c308') in 0,023718 seconds
Number of updated asset objects reloaded before import = 0
Number of asset objects unloaded after import = 3
========================================================================
Received Import Request.
  Time since last request: 0,000028 seconds.
  path: Assets/Mod Assets/Environment Sprites Colored/Gold/TallBuilding_yellow.png
  artifactKey: Guid(3d6b1d1fd20464510a7cf17ae128e411) Importer(815301076,1909f56bfc062723c751e8b465ee728b)
Start importing Assets/Mod Assets/Environment Sprites Colored/Gold/TallBuilding_yellow.png using Guid(3d6b1d1fd20464510a7cf17ae128e411) Importer(815301076,1909f56bfc062723c751e8b465ee728b)  -> (artifact id: '361375ca5d53571eff15b3aa0a6e35eb') in 0,027123 seconds
Number of updated asset objects reloaded before import = 0
Number of asset objects unloaded after import = 3
========================================================================
Received Import Request.
  Time since last request: 9,397275 seconds.
  path: Assets/Mod Assets/Environment Sprites Colored/Magenta/fence_pink.png
  artifactKey: Guid(3992f564c616645b0aa6d00135510fdc) Importer(815301076,1909f56bfc062723c751e8b465ee728b)
Start importing Assets/Mod Assets/Environment Sprites Colored/Magenta/fence_pink.png using Guid(3992f564c616645b0aa6d00135510fdc) Importer(815301076,1909f56bfc062723c751e8b465ee728b)  -> (artifact id: '455c0ef2d0cfa551fc7081b8354538ed') in 0,022843 seconds
Number of updated asset objects reloaded before import = 0
Number of asset objects unloaded after import = 3
========================================================================
Received Import Request.
  Time since last request: 0,000033 seconds.
  path: Assets/Mod Assets/Environment Sprites Colored/Magenta/tree_pink.png
  artifactKey: Guid(d20f0f04b3b19434099ae501e4b0e994) Importer(815301076,1909f56bfc062723c751e8b465ee728b)
Start importing Assets/Mod Assets/Environment Sprites Colored/Magenta/tree_pink.png using Guid(d20f0f04b3b19434099ae501e4b0e994) Importer(815301076,1909f56bfc062723c751e8b465ee728b)  -> (artifact id: '7c4a4cded02f711cefff8121b6493aa4') in 0,025826 seconds
Number of updated asset objects reloaded before import = 0
Number of asset objects unloaded after import = 3
========================================================================
Received Import Request.
  Time since last request: 0,000043 seconds.
  path: Assets/Mod Assets/Environment Sprites Colored/Magenta/TileFloatingMiddle_pink.png
  artifactKey: Guid(cc17cd0a8cb8d48a1926e1cdf93ee83d) Importer(815301076,1909f56bfc062723c751e8b465ee728b)
Start importing Assets/Mod Assets/Environment Sprites Colored/Magenta/TileFloatingMiddle_pink.png using Guid(cc17cd0a8cb8d48a1926e1cdf93ee83d) Importer(815301076,1909f56bfc062723c751e8b465ee728b)  -> (artifact id: '79eb529ea101ec54be85931e4d052b57') in 0,020237 seconds
Number of updated asset objects reloaded before import = 0
Number of asset objects unloaded after import = 3
========================================================================
Received Import Request.
  Time since last request: 0,000026 seconds.
  path: Assets/Mod Assets/Environment Sprites Colored/Magenta/TileGroundDark_pink.png
  artifactKey: Guid(bfcc93ae431214a5c8c5d2dd11d3885a) Importer(815301076,1909f56bfc062723c751e8b465ee728b)
Start importing Assets/Mod Assets/Environment Sprites Colored/Magenta/TileGroundDark_pink.png using Guid(bfcc93ae431214a5c8c5d2dd11d3885a) Importer(815301076,1909f56bfc062723c751e8b465ee728b)  -> (artifact id: '22fe1fd9a68d0bd260f52ae1d6e8693f') in 0,021164 seconds
Number of updated asset objects reloaded before import = 0
Number of asset objects unloaded after import = 3
========================================================================
Received Import Request.
  Time since last request: 0,000261 seconds.
  path: Assets/Mod Assets/Environment Sprites Colored/Magenta/TallBuilding_pink.png
  artifactKey: Guid(42bcb5b2cd06041beabf65dfcbaac6fe) Importer(815301076,1909f56bfc062723c751e8b465ee728b)
Start importing Assets/Mod Assets/Environment Sprites Colored/Magenta/TallBuilding_pink.png using Guid(42bcb5b2cd06041beabf65dfcbaac6fe) Importer(815301076,1909f56bfc062723c751e8b465ee728b)  -> (artifact id: 'a9132239274f647b123ca76813f35ad9') in 0,026394 seconds
Number of updated asset objects reloaded before import = 0
Number of asset objects unloaded after import = 3
========================================================================
Received Import Request.
  Time since last request: 0,000022 seconds.
  path: Assets/Mod Assets/Environment Sprites Colored/Magenta/MidgroundFiller_pink.png
  artifactKey: Guid(0aa71243a17f64fe3b5744d333d15e1c) Importer(815301076,1909f56bfc062723c751e8b465ee728b)
Start importing Assets/Mod Assets/Environment Sprites Colored/Magenta/MidgroundFiller_pink.png using Guid(0aa71243a17f64fe3b5744d333d15e1c) Importer(815301076,1909f56bfc062723c751e8b465ee728b)  -> (artifact id: '357af83e4f5d6c24db5c0faf75a3fe15') in 0,017227 seconds
Number of updated asset objects reloaded before import = 0
Number of asset objects unloaded after import = 3
========================================================================
Received Import Request.
  Time since last request: 0,000020 seconds.
  path: Assets/Mod Assets/Environment Sprites Colored/Magenta/ShortBuilding_pink.png
  artifactKey: Guid(91be9bd823991446b886262539d52dd2) Importer(815301076,1909f56bfc062723c751e8b465ee728b)
Start importing Assets/Mod Assets/Environment Sprites Colored/Magenta/ShortBuilding_pink.png using Guid(91be9bd823991446b886262539d52dd2) Importer(815301076,1909f56bfc062723c751e8b465ee728b)  -> (artifact id: 'e808d5732e02e5226d10894a807d6966') in 0,021631 seconds
Number of updated asset objects reloaded before import = 0
Number of asset objects unloaded after import = 3
========================================================================
Received Import Request.
  Time since last request: 0,000082 seconds.
  path: Assets/Mod Assets/Environment Sprites Colored/Magenta/TileFloatingLeftEdge_pink.png
  artifactKey: Guid(75f8547f9de1045c6bc679abc57ea589) Importer(815301076,1909f56bfc062723c751e8b465ee728b)
Start importing Assets/Mod Assets/Environment Sprites Colored/Magenta/TileFloatingLeftEdge_pink.png using Guid(75f8547f9de1045c6bc679abc57ea589) Importer(815301076,1909f56bfc062723c751e8b465ee728b)  -> (artifact id: 'cd7fe1273dda980cb470fdee7cc7d7f7') in 0,017801 seconds
Number of updated asset objects reloaded before import = 0
Number of asset objects unloaded after import = 3
========================================================================
Received Import Request.
  Time since last request: 0,678439 seconds.
  path: Assets/Mod Assets/Environment Sprites Colored/Teal/fence_teal.png
  artifactKey: Guid(c0a53364920574b8d8576c49ca4a240e) Importer(815301076,1909f56bfc062723c751e8b465ee728b)
Start importing Assets/Mod Assets/Environment Sprites Colored/Teal/fence_teal.png using Guid(c0a53364920574b8d8576c49ca4a240e) Importer(815301076,1909f56bfc062723c751e8b465ee728b)  -> (artifact id: '58ac5a904d4901cdd595bda50270d99d') in 0,017463 seconds
Number of updated asset objects reloaded before import = 0
Number of asset objects unloaded after import = 3
========================================================================
Received Import Request.
  Time since last request: 0,000398 seconds.
  path: Assets/Mod Assets/Environment Sprites Colored/Teal/TileGroundDark_teal.png
  artifactKey: Guid(36b0d948198a542d3bf1dceeae828a04) Importer(815301076,1909f56bfc062723c751e8b465ee728b)
Start importing Assets/Mod Assets/Environment Sprites Colored/Teal/TileGroundDark_teal.png using Guid(36b0d948198a542d3bf1dceeae828a04) Importer(815301076,1909f56bfc062723c751e8b465ee728b)  -> (artifact id: '2ae4a9527a5f950378bb454bfea31473') in 0,021072 seconds
Number of updated asset objects reloaded before import = 0
Number of asset objects unloaded after import = 3
========================================================================
Received Import Request.
  Time since last request: 0,000030 seconds.
  path: Assets/Mod Assets/Environment Sprites Colored/Teal/TileGround_teal.png
  artifactKey: Guid(e06d260a2a755418bb7d79b087db3b9b) Importer(815301076,1909f56bfc062723c751e8b465ee728b)
Start importing Assets/Mod Assets/Environment Sprites Colored/Teal/TileGround_teal.png using Guid(e06d260a2a755418bb7d79b087db3b9b) Importer(815301076,1909f56bfc062723c751e8b465ee728b)  -> (artifact id: '1b6b0868bfda3d5f01b89cb6866c4c09') in 0,022493 seconds
Number of updated asset objects reloaded before import = 0
Number of asset objects unloaded after import = 3
========================================================================
Received Import Request.
  Time since last request: 0,000033 seconds.
  path: Assets/Mod Assets/Environment Sprites Colored/Teal/MidgroundFiller_teal.png
  artifactKey: Guid(46173b271ce904b2384f6269a23f036e) Importer(815301076,1909f56bfc062723c751e8b465ee728b)
Start importing Assets/Mod Assets/Environment Sprites Colored/Teal/MidgroundFiller_teal.png using Guid(46173b271ce904b2384f6269a23f036e) Importer(815301076,1909f56bfc062723c751e8b465ee728b)  -> (artifact id: '4a00acd1bdbe7e6ce2447de9a3526949') in 0,015506 seconds
Number of updated asset objects reloaded before import = 0
Number of asset objects unloaded after import = 3
========================================================================
Received Import Request.
  Time since last request: 0,000034 seconds.
  path: Assets/Mod Assets/Environment Sprites Colored/Teal/TileFloatingMiddle_teal.png
  artifactKey: Guid(b4fbc017ca0be49b286db50941bc957d) Importer(815301076,1909f56bfc062723c751e8b465ee728b)
Start importing Assets/Mod Assets/Environment Sprites Colored/Teal/TileFloatingMiddle_teal.png using Guid(b4fbc017ca0be49b286db50941bc957d) Importer(815301076,1909f56bfc062723c751e8b465ee728b)  -> (artifact id: 'c360af9a2218860e9d65d102c6cfa11e') in 0,020410 seconds
Number of updated asset objects reloaded before import = 0
Number of asset objects unloaded after import = 3
========================================================================
Received Import Request.
  Time since last request: 0,000023 seconds.
  path: Assets/Mod Assets/Environment Sprites Colored/Teal/ShortBuilding_teal.png
  artifactKey: Guid(9bf738880b3f042a09eb9ef0ea86e9b3) Importer(815301076,1909f56bfc062723c751e8b465ee728b)
Start importing Assets/Mod Assets/Environment Sprites Colored/Teal/ShortBuilding_teal.png using Guid(9bf738880b3f042a09eb9ef0ea86e9b3) Importer(815301076,1909f56bfc062723c751e8b465ee728b)  -> (artifact id: '4db893a1482d8c42dcde179f8ff468d4') in 0,026626 seconds
Number of updated asset objects reloaded before import = 0
Number of asset objects unloaded after import = 3
========================================================================
Received Import Request.
  Time since last request: 0,000155 seconds.
  path: Assets/Mod Assets/Environment Sprites Colored/Teal/TileFloatingRightEdge_teal.png
  artifactKey: Guid(b7a3bf119b6f843cfa9f599c7abfba91) Importer(815301076,1909f56bfc062723c751e8b465ee728b)
Start importing Assets/Mod Assets/Environment Sprites Colored/Teal/TileFloatingRightEdge_teal.png using Guid(b7a3bf119b6f843cfa9f599c7abfba91) Importer(815301076,1909f56bfc062723c751e8b465ee728b)  -> (artifact id: '45d70730e71136c14cbc9d32cccc7f4d') in 0,019742 seconds
Number of updated asset objects reloaded before import = 0
Number of asset objects unloaded after import = 3
========================================================================
Received Import Request.
  Time since last request: 0,000069 seconds.
  path: Assets/Mod Assets/Environment Sprites Colored/Teal/TileFloatingLeftEdge_teal.png
  artifactKey: Guid(ebcf99eef57b647cab7bae3c23621429) Importer(815301076,1909f56bfc062723c751e8b465ee728b)
Start importing Assets/Mod Assets/Environment Sprites Colored/Teal/TileFloatingLeftEdge_teal.png using Guid(ebcf99eef57b647cab7bae3c23621429) Importer(815301076,1909f56bfc062723c751e8b465ee728b)  -> (artifact id: 'adbaf29a3593f94a7346ea7e78b7cee4') in 0,015438 seconds
Number of updated asset objects reloaded before import = 0
Number of asset objects unloaded after import = 3
========================================================================
Received Import Request.
  Time since last request: 1,275590 seconds.
  path: Assets/Mod Assets/Environment Sprites Colored/Green/fence_green.png
  artifactKey: Guid(0feaea75575634319bbb7906ba4f6fb2) Importer(815301076,1909f56bfc062723c751e8b465ee728b)
Start importing Assets/Mod Assets/Environment Sprites Colored/Green/fence_green.png using Guid(0feaea75575634319bbb7906ba4f6fb2) Importer(815301076,1909f56bfc062723c751e8b465ee728b)  -> (artifact id: '1e600d6c6dd404a435d8fd669bd73d44') in 0,021065 seconds
Number of updated asset objects reloaded before import = 0
Number of asset objects unloaded after import = 3
========================================================================
Received Import Request.
  Time since last request: 0,000029 seconds.
  path: Assets/Mod Assets/Environment Sprites Colored/Green/midground_green.png
  artifactKey: Guid(1f3f80cd2139042a49e9349f3ecd9d7e) Importer(815301076,1909f56bfc062723c751e8b465ee728b)
Start importing Assets/Mod Assets/Environment Sprites Colored/Green/midground_green.png using Guid(1f3f80cd2139042a49e9349f3ecd9d7e) Importer(815301076,1909f56bfc062723c751e8b465ee728b)  -> (artifact id: '1a420d2d30c9b5cd16726336cd4c2b8d') in 0,024247 seconds
Number of updated asset objects reloaded before import = 0
Number of asset objects unloaded after import = 3
========================================================================
Received Import Request.
  Time since last request: 0,000052 seconds.
  path: Assets/Mod Assets/Environment Sprites Colored/Green/TileGround_green.png
  artifactKey: Guid(8606c873d5fe940fbbff849911ad1040) Importer(815301076,1909f56bfc062723c751e8b465ee728b)
Start importing Assets/Mod Assets/Environment Sprites Colored/Green/TileGround_green.png using Guid(8606c873d5fe940fbbff849911ad1040) Importer(815301076,1909f56bfc062723c751e8b465ee728b)  -> (artifact id: '571e4ce3d2818e01e92313f8f7c190d8') in 0,018000 seconds
Number of updated asset objects reloaded before import = 0
Number of asset objects unloaded after import = 3
========================================================================
Received Import Request.
  Time since last request: 0,000045 seconds.
  path: Assets/Mod Assets/Environment Sprites Colored/Green/house_green.png
  artifactKey: Guid(9691843fa5b754494a1163a8c830ee90) Importer(815301076,1909f56bfc062723c751e8b465ee728b)
Start importing Assets/Mod Assets/Environment Sprites Colored/Green/house_green.png using Guid(9691843fa5b754494a1163a8c830ee90) Importer(815301076,1909f56bfc062723c751e8b465ee728b)  -> (artifact id: 'e1ca7e7cee703d6201f0079cb3d5ffea') in 0,026514 seconds
Number of updated asset objects reloaded before import = 0
Number of asset objects unloaded after import = 3
========================================================================
Received Import Request.
  Time since last request: 0,000020 seconds.
  path: Assets/Mod Assets/Environment Sprites Colored/Green/TileGroundDark_green.png
  artifactKey: Guid(f52361a01fb9d44369ffc2ea4d4cf021) Importer(815301076,1909f56bfc062723c751e8b465ee728b)
Start importing Assets/Mod Assets/Environment Sprites Colored/Green/TileGroundDark_green.png using Guid(f52361a01fb9d44369ffc2ea4d4cf021) Importer(815301076,1909f56bfc062723c751e8b465ee728b)  -> (artifact id: 'ea1b76634c603fa420a3189286a7e4ee') in 0,028007 seconds
Number of updated asset objects reloaded before import = 0
Number of asset objects unloaded after import = 3
========================================================================
Received Import Request.
  Time since last request: 0,000028 seconds.
  path: Assets/Mod Assets/Environment Sprites Colored/Green/MidgroundFiller_green.png
  artifactKey: Guid(f80cb9971cddf494bbf0c087eb3af547) Importer(815301076,1909f56bfc062723c751e8b465ee728b)
Start importing Assets/Mod Assets/Environment Sprites Colored/Green/MidgroundFiller_green.png using Guid(f80cb9971cddf494bbf0c087eb3af547) Importer(815301076,1909f56bfc062723c751e8b465ee728b)  -> (artifact id: '26fb6f6befdd6840609f6ebb956c0b43') in 0,015506 seconds
Number of updated asset objects reloaded before import = 0
Number of asset objects unloaded after import = 3
========================================================================
Received Import Request.
  Time since last request: 0,000038 seconds.
  path: Assets/Mod Assets/Environment Sprites Colored/Green/plant_green.png
  artifactKey: Guid(7eb9436df9f6347e3b2d23a03a8f7cf0) Importer(815301076,1909f56bfc062723c751e8b465ee728b)
Start importing Assets/Mod Assets/Environment Sprites Colored/Green/plant_green.png using Guid(7eb9436df9f6347e3b2d23a03a8f7cf0) Importer(815301076,1909f56bfc062723c751e8b465ee728b)  -> (artifact id: 'ea47988847d3d0a63e5dc8a92ff9ae02') in 0,018333 seconds
Number of updated asset objects reloaded before import = 0
Number of asset objects unloaded after import = 3
========================================================================
Received Import Request.
  Time since last request: 0,000021 seconds.
  path: Assets/Mod Assets/Environment Sprites Colored/Green/TileGroundTop_green.png
  artifactKey: Guid(47b73910b31fb422ca0c0164c2c70dfd) Importer(815301076,1909f56bfc062723c751e8b465ee728b)
Start importing Assets/Mod Assets/Environment Sprites Colored/Green/TileGroundTop_green.png using Guid(47b73910b31fb422ca0c0164c2c70dfd) Importer(815301076,1909f56bfc062723c751e8b465ee728b)  -> (artifact id: 'ba0ff94b009bfec505d795b7f0f8ea38') in 0,014971 seconds
Number of updated asset objects reloaded before import = 0
Number of asset objects unloaded after import = 3
========================================================================
Received Import Request.
  Time since last request: 0,000029 seconds.
  path: Assets/Mod Assets/Environment Sprites Colored/Green/tree_green.png
  artifactKey: Guid(01c42089badae417987a68a7df009dd6) Importer(815301076,1909f56bfc062723c751e8b465ee728b)
Start importing Assets/Mod Assets/Environment Sprites Colored/Green/tree_green.png using Guid(01c42089badae417987a68a7df009dd6) Importer(815301076,1909f56bfc062723c751e8b465ee728b)  -> (artifact id: 'd77e0d22fe106309c4b53a69df942a86') in 0,023518 seconds
Number of updated asset objects reloaded before import = 0
Number of asset objects unloaded after import = 3
========================================================================
Received Import Request.
  Time since last request: 7,921685 seconds.
  path: Assets/Mod Assets/Custom Materials/Additive Blue.mat
  artifactKey: Guid(559e55ada8c25412a88f9d290cf3b99d) Importer(815301076,1909f56bfc062723c751e8b465ee728b)
Start importing Assets/Mod Assets/Custom Materials/Additive Blue.mat using Guid(559e55ada8c25412a88f9d290cf3b99d) Importer(815301076,1909f56bfc062723c751e8b465ee728b)  -> (artifact id: '35403d82766e7e43e539165a9be44c5b') in 2,705611 seconds
Number of updated asset objects reloaded before import = 0
Number of asset objects unloaded after import = 21
========================================================================
Received Import Request.
  Time since last request: 0,000062 seconds.
  path: Assets/Mod Assets/Custom Materials/Emissive Red.mat
  artifactKey: Guid(81f12af2d69874700b7e15004bd15886) Importer(815301076,1909f56bfc062723c751e8b465ee728b)
Start importing Assets/Mod Assets/Custom Materials/Emissive Red.mat using Guid(81f12af2d69874700b7e15004bd15886) Importer(815301076,1909f56bfc062723c751e8b465ee728b)  -> (artifact id: '9ad9326d6ef6984a2575f727997adf32') in 0,019297 seconds
Number of updated asset objects reloaded before import = 0
Number of asset objects unloaded after import = 2
========================================================================
Received Import Request.
  Time since last request: 0,000058 seconds.
  path: Assets/Mod Assets/Custom Materials/Subtractive.mat
  artifactKey: Guid(2d4335f212752412590d952b4ff9f248) Importer(815301076,1909f56bfc062723c751e8b465ee728b)
Start importing Assets/Mod Assets/Custom Materials/Subtractive.mat using Guid(2d4335f212752412590d952b4ff9f248) Importer(815301076,1909f56bfc062723c751e8b465ee728b)  -> (artifact id: '73e0984b286f33897fae55c6d170bcdb') in 0,313494 seconds
Number of updated asset objects reloaded before import = 0
Number of asset objects unloaded after import = 2
========================================================================
Received Import Request.
  Time since last request: 0,000046 seconds.
  path: Assets/Mod Assets/Custom Materials/Fade.mat
  artifactKey: Guid(a630977d94cfa41c49a492132e20f623) Importer(815301076,1909f56bfc062723c751e8b465ee728b)
Start importing Assets/Mod Assets/Custom Materials/Fade.mat using Guid(a630977d94cfa41c49a492132e20f623) Importer(815301076,1909f56bfc062723c751e8b465ee728b)  -> (artifact id: 'f5d5d354d8c8ab59193e1f289d90053d') in 0,014427 seconds
Number of updated asset objects reloaded before import = 0
Number of asset objects unloaded after import = 2
========================================================================
Received Import Request.
  Time since last request: 0,000063 seconds.
  path: Assets/Mod Assets/Custom Materials/Modulate Red.mat
  artifactKey: Guid(a0a0d20d7eab44a68a19ca8d45fa0ee7) Importer(815301076,1909f56bfc062723c751e8b465ee728b)
Start importing Assets/Mod Assets/Custom Materials/Modulate Red.mat using Guid(a0a0d20d7eab44a68a19ca8d45fa0ee7) Importer(815301076,1909f56bfc062723c751e8b465ee728b)  -> (artifact id: '0b0bacc2cbf8410a9ca0ed632dac4391') in 0,338408 seconds
Number of updated asset objects reloaded before import = 0
Number of asset objects unloaded after import = 2
========================================================================
Received Import Request.
  Time since last request: 5,100289 seconds.
  path: Assets/Audio/Death.wav
  artifactKey: Guid(e18959d46b63f3c4c8cc020a433cf848) Importer(815301076,1909f56bfc062723c751e8b465ee728b)
Start importing Assets/Audio/Death.wav using Guid(e18959d46b63f3c4c8cc020a433cf848) Importer(815301076,1909f56bfc062723c751e8b465ee728b)  -> (artifact id: '54276be1ef5e0b60fc2fe9a5666ccbaa') in 1,215011 seconds
Number of updated asset objects reloaded before import = 0
Number of asset objects unloaded after import = 2
========================================================================
Received Import Request.
  Time since last request: 0,000053 seconds.
  path: Assets/Audio/LandOnEnemy.wav
  artifactKey: Guid(b7f741588644cd64bbee6387cb54a96d) Importer(815301076,1909f56bfc062723c751e8b465ee728b)
Start importing Assets/Audio/LandOnEnemy.wav using Guid(b7f741588644cd64bbee6387cb54a96d) Importer(815301076,1909f56bfc062723c751e8b465ee728b)  -> (artifact id: 'd76bb2c71f8604a5fb33b0b71d02064f') in 0,031405 seconds
Number of updated asset objects reloaded before import = 0
Number of asset objects unloaded after import = 2
========================================================================
Received Import Request.
  Time since last request: 0,000040 seconds.
  path: Assets/Audio/Music.wav
  artifactKey: Guid(5833894e2899f1840ac04193ca462e39) Importer(815301076,1909f56bfc062723c751e8b465ee728b)
Start importing Assets/Audio/Music.wav using Guid(5833894e2899f1840ac04193ca462e39) Importer(815301076,1909f56bfc062723c751e8b465ee728b)  -> (artifact id: '78511059ffca4ea723b6f2f5f8d43100') in 0,400739 seconds
Number of updated asset objects reloaded before import = 0
Number of asset objects unloaded after import = 2
========================================================================
Received Import Request.
  Time since last request: 1,853066 seconds.
  path: Assets/Character/Sprites/EnemyHurt.png
  artifactKey: Guid(93c828a03eeb34779a4373e83c7e1bcc) Importer(815301076,1909f56bfc062723c751e8b465ee728b)
Start importing Assets/Character/Sprites/EnemyHurt.png using Guid(93c828a03eeb34779a4373e83c7e1bcc) Importer(815301076,1909f56bfc062723c751e8b465ee728b)  -> (artifact id: '0c153fc4e1143fdf64803ffa0c75099f') in 0,086650 seconds
Number of updated asset objects reloaded before import = 0
Number of asset objects unloaded after import = 11
========================================================================
Received Import Request.
  Time since last request: 0,000032 seconds.
  path: Assets/Character/Sprites/PlayerLand.png
  artifactKey: Guid(e0d1e122a29a24ec19a2b23782952411) Importer(815301076,1909f56bfc062723c751e8b465ee728b)
Start importing Assets/Character/Sprites/PlayerLand.png using Guid(e0d1e122a29a24ec19a2b23782952411) Importer(815301076,1909f56bfc062723c751e8b465ee728b)  -> (artifact id: 'd77c09ede37989ce2952b8ad4f8d7e97') in 0,046450 seconds
Number of updated asset objects reloaded before import = 0
Number of asset objects unloaded after import = 7
========================================================================
Received Import Request.
  Time since last request: 0,000051 seconds.
  path: Assets/Character/Sprites/PlayerSpawn.png
  artifactKey: Guid(1a4bd6d8b694c4f65869fe4d44a0198b) Importer(815301076,1909f56bfc062723c751e8b465ee728b)
Start importing Assets/Character/Sprites/PlayerSpawn.png using Guid(1a4bd6d8b694c4f65869fe4d44a0198b) Importer(815301076,1909f56bfc062723c751e8b465ee728b)  -> (artifact id: '7ce234660a1479dcdd68a5723b9b958a') in 0,129502 seconds
Number of updated asset objects reloaded before import = 0
Number of asset objects unloaded after import = 22
========================================================================
Received Import Request.
  Time since last request: 0,000036 seconds.
  path: Assets/Character/Sprites/EnemyIdle.png
  artifactKey: Guid(fe68c6e1242e94a9eab222e1f49440ff) Importer(815301076,1909f56bfc062723c751e8b465ee728b)
Start importing Assets/Character/Sprites/EnemyIdle.png using Guid(fe68c6e1242e94a9eab222e1f49440ff) Importer(815301076,1909f56bfc062723c751e8b465ee728b)  -> (artifact id: '69c9638773a74b5031465e862c475fdf') in 0,295118 seconds
Number of updated asset objects reloaded before import = 0
Number of asset objects unloaded after import = 50
========================================================================
Received Import Request.
  Time since last request: 0,000034 seconds.
  path: Assets/Character/Sprites/EnemyRun.png
  artifactKey: Guid(38c1b0996c8e0457eb88644b8cb126f3) Importer(815301076,1909f56bfc062723c751e8b465ee728b)
Start importing Assets/Character/Sprites/EnemyRun.png using Guid(38c1b0996c8e0457eb88644b8cb126f3) Importer(815301076,1909f56bfc062723c751e8b465ee728b)  -> (artifact id: '5118d0a071747a19a2dac2f36571e1ff') in 0,084625 seconds
Number of updated asset objects reloaded before import = 0
Number of asset objects unloaded after import = 17
========================================================================
Received Import Request.
  Time since last request: 0,000060 seconds.
  path: Assets/Character/Sprites/PlayerRun.png
  artifactKey: Guid(225a1eacac9dc41ae9a4d6adf7df8d40) Importer(815301076,1909f56bfc062723c751e8b465ee728b)
Start importing Assets/Character/Sprites/PlayerRun.png using Guid(225a1eacac9dc41ae9a4d6adf7df8d40) Importer(815301076,1909f56bfc062723c751e8b465ee728b)  -> (artifact id: '5d790183f45b8bfe37050e8edf7302e6') in 0,146179 seconds
Number of updated asset objects reloaded before import = 0
Number of asset objects unloaded after import = 31
========================================================================
Received Import Request.
  Time since last request: 0,000027 seconds.
  path: Assets/Character/Sprites/PlayerDeath.png
  artifactKey: Guid(75b38086a902846edbae786183b0274d) Importer(815301076,1909f56bfc062723c751e8b465ee728b)
Start importing Assets/Character/Sprites/PlayerDeath.png using Guid(75b38086a902846edbae786183b0274d) Importer(815301076,1909f56bfc062723c751e8b465ee728b)  -> (artifact id: '4d5abdcd2955142d9396708654a08ae7') in 0,079681 seconds
Number of updated asset objects reloaded before import = 0
Number of asset objects unloaded after import = 18
========================================================================
Received Prepare
Begin MonoManager ReloadAssembly
- Loaded All Assemblies, in 38,777 seconds
Refreshing native plugins compatible for Editor in 207,13 ms, found 0 plugins.
Native extension for LinuxStandalone target not found
Native extension for WebGL target not found
[Package Manager] Server::EnsureServerProcessIsRunning -- launch failed, reason: Unity was launched with the -noUpm command-line argument
[Package Manager] UpmClient::Send -- Unable to send message (not connected to UPM process).
[Package Manager] Cannot connect to Unity Package Manager local server
Mono: successfully reloaded assembly
- Finished resetting the current domain, in  6,565 seconds
Domain Reload Profiling: 45411ms
	BeginReloadAssembly (4502ms)
		ExecutionOrderSort (0ms)
		DisableScriptedObjects (286ms)
		BackupInstance (0ms)
		ReleaseScriptingObjects (2ms)
		CreateAndSetChildDomain (2311ms)
	RebuildCommonClasses (107ms)
	RebuildNativeTypeToScriptingClass (15ms)
	initialDomainReloadingComplete (516ms)
	LoadAllAssembliesAndSetupDomain (33703ms)
		LoadAssemblies (32144ms)
		RebuildTransferFunctionScriptingTraits (0ms)
		AnalyzeDomain (2976ms)
			TypeCache.Refresh (1381ms)
				TypeCache.ScanAssembly (27ms)
			ScanForSourceGeneratedMonoScriptInfo (1308ms)
			ResolveRequiredComponents (284ms)
	FinalizeReload (6568ms)
		ReleaseScriptCaches (0ms)
		RebuildScriptCaches (0ms)
		SetupLoadedEditorAssemblies (1493ms)
			LogAssemblyErrors (0ms)
			InitializePlatformSupportModulesInManaged (49ms)
			SetLoadedEditorAssemblies (31ms)
			RefreshPlugins (0ms)
			BeforeProcessingInitializeOnLoad (212ms)
			ProcessInitializeOnLoadAttributes (1059ms)
			ProcessInitializeOnLoadMethodAttributes (132ms)
			AfterProcessingInitializeOnLoad (8ms)
			EditorAssembliesLoaded (1ms)
		ExecutionOrderSort2 (0ms)
		AwakeInstancesAfterBackupRestoration (21ms)
Shader Hidden/ProbeVolume/VoxelizeScene is not supported: GPU does not support conservative rasterization
Refreshing native plugins compatible for Editor in 54,38 ms, found 0 plugins.
Preloading 0 native plugins for Editor in 0,00 ms.
Unloading 5330 Unused Serialized files (Serialized files now loaded: 0)
Unloading 66 unused Assets / (1,1 MB). Loaded Objects now: 6109.
Memory consumption went from 185,6 MB to 184,4 MB.
Total: 431,129636 ms (FindLiveObjects: 53,113523 ms CreateObjectMapping: 2,046401 ms MarkObjects: 373,015546 ms  DeleteObjects: 2,949664 ms)

Prepare: number of updated asset objects reloaded= 0
AssetImportParameters requested are different than current active one (requested -> active):
  custom:container-demuxer-ogg: 62fdf1f143b41e24485cea50d1cbac27 -> 
  custom:video-decoder-ogg-theora: a1e56fd34408186e4bbccfd4996cb3dc -> 
  custom:CustomObjectIndexerAttribute: f3847dcb39c2a616e8d79845aaae36f1 -> 
  custom:container-demuxer-webm: 4f35f7cbe854078d1ac9338744f61a02 -> 
  custom:container-muxer-webm: aa71ff27fc2769a1b78a27578f13a17b -> 
  custom:video-decoder-webm-vp8: 9c59270c3fd7afecdb556c50c9e8de78 -> 
  custom:SearchIndexIgnoredProperties: e643bd26f0fe6173181afceb89e7c659 -> 
  custom:AudioImporter_EditorPlatform: 2f0ff77a95e0ac474e3e8eeba4e2f7cb -> 
  custom:video-encoder-webm-vp8: eb34c28f22e8b96e1ab97ce403110664 -> 
  custom:audio-decoder-ogg-vorbis: bf7c407c2cedff20999df2af8eb42d56 -> 
  custom:audio-encoder-webm-vorbis: bf7c407c2cedff20999df2af8eb42d56 -> 
========================================================================
Received Import Request.
  Time since last request: 239,705786 seconds.
  path: Assets/Scripts/Mechanics/ScoreController.cs
  artifactKey: Guid(4d4bbd0dbef37424e8c21f9b96e6791c) Importer(815301076,1909f56bfc062723c751e8b465ee728b)
Start importing Assets/Scripts/Mechanics/ScoreController.cs using Guid(4d4bbd0dbef37424e8c21f9b96e6791c) Importer(815301076,1909f56bfc062723c751e8b465ee728b)  -> (artifact id: '89b8ac34c25c91bbb732f59372c5b84c') in 0,356780 seconds
Number of updated asset objects reloaded before import = 0
Number of asset objects unloaded after import = 0
========================================================================
Received Prepare
Begin MonoManager ReloadAssembly
- Loaded All Assemblies, in 15,281 seconds
Refreshing native plugins compatible for Editor in 2,21 ms, found 0 plugins.
Native extension for LinuxStandalone target not found
Native extension for WebGL target not found
[Package Manager] Server::EnsureServerProcessIsRunning -- launch failed, reason: Unity was launched with the -noUpm command-line argument
[Package Manager] UpmClient::Send -- Unable to send message (not connected to UPM process).
[Package Manager] Cannot connect to Unity Package Manager local server
Mono: successfully reloaded assembly
- Finished resetting the current domain, in 14,307 seconds
Domain Reload Profiling: 29595ms
	BeginReloadAssembly (5790ms)
		ExecutionOrderSort (0ms)
		DisableScriptedObjects (154ms)
		BackupInstance (0ms)
		ReleaseScriptingObjects (3ms)
		CreateAndSetChildDomain (1962ms)
	RebuildCommonClasses (101ms)
	RebuildNativeTypeToScriptingClass (14ms)
	initialDomainReloadingComplete (135ms)
	LoadAllAssembliesAndSetupDomain (9246ms)
		LoadAssemblies (12086ms)
		RebuildTransferFunctionScriptingTraits (0ms)
		AnalyzeDomain (263ms)
			TypeCache.Refresh (78ms)
				TypeCache.ScanAssembly (2ms)
			ScanForSourceGeneratedMonoScriptInfo (129ms)
			ResolveRequiredComponents (53ms)
	FinalizeReload (14309ms)
		ReleaseScriptCaches (0ms)
		RebuildScriptCaches (0ms)
		SetupLoadedEditorAssemblies (1021ms)
			LogAssemblyErrors (0ms)
			InitializePlatformSupportModulesInManaged (31ms)
			SetLoadedEditorAssemblies (25ms)
			RefreshPlugins (0ms)
			BeforeProcessingInitializeOnLoad (213ms)
			ProcessInitializeOnLoadAttributes (596ms)
			ProcessInitializeOnLoadMethodAttributes (141ms)
			AfterProcessingInitializeOnLoad (13ms)
			EditorAssembliesLoaded (1ms)
		ExecutionOrderSort2 (0ms)
		AwakeInstancesAfterBackupRestoration (19ms)
Shader Hidden/ProbeVolume/VoxelizeScene is not supported: GPU does not support conservative rasterization
Refreshing native plugins compatible for Editor in 8,20 ms, found 0 plugins.
Preloading 0 native plugins for Editor in 0,00 ms.
Unloading 5330 Unused Serialized files (Serialized files now loaded: 0)
Unloading 66 unused Assets / (1,1 MB). Loaded Objects now: 6125.
Memory consumption went from 185,4 MB to 184,3 MB.
Total: 17,730501 ms (FindLiveObjects: 1,569552 ms CreateObjectMapping: 1,512890 ms MarkObjects: 13,684785 ms  DeleteObjects: 0,956703 ms)

Prepare: number of updated asset objects reloaded= 0
AssetImportParameters requested are different than current active one (requested -> active):
  custom:container-demuxer-ogg: 62fdf1f143b41e24485cea50d1cbac27 -> 
  custom:video-decoder-ogg-theora: a1e56fd34408186e4bbccfd4996cb3dc -> 
  custom:CustomObjectIndexerAttribute: f3847dcb39c2a616e8d79845aaae36f1 -> 
  custom:container-demuxer-webm: 4f35f7cbe854078d1ac9338744f61a02 -> 
  custom:container-muxer-webm: aa71ff27fc2769a1b78a27578f13a17b -> 
  custom:video-decoder-webm-vp8: 9c59270c3fd7afecdb556c50c9e8de78 -> 
  custom:SearchIndexIgnoredProperties: e643bd26f0fe6173181afceb89e7c659 -> 
  custom:AudioImporter_EditorPlatform: 2f0ff77a95e0ac474e3e8eeba4e2f7cb -> 
  custom:video-encoder-webm-vp8: eb34c28f22e8b96e1ab97ce403110664 -> 
  custom:audio-decoder-ogg-vorbis: bf7c407c2cedff20999df2af8eb42d56 -> 
  custom:audio-encoder-webm-vorbis: bf7c407c2cedff20999df2af8eb42d56 -> 
========================================================================
Received Prepare
Begin MonoManager ReloadAssembly
- Loaded All Assemblies, in  7,251 seconds
Refreshing native plugins compatible for Editor in 1,88 ms, found 0 plugins.
Native extension for LinuxStandalone target not found
Native extension for WebGL target not found
[Package Manager] Server::EnsureServerProcessIsRunning -- launch failed, reason: Unity was launched with the -noUpm command-line argument
[Package Manager] UpmClient::Send -- Unable to send message (not connected to UPM process).
[Package Manager] Cannot connect to Unity Package Manager local server
Mono: successfully reloaded assembly
- Finished resetting the current domain, in  3,290 seconds
Domain Reload Profiling: 10547ms
	BeginReloadAssembly (2461ms)
		ExecutionOrderSort (0ms)
		DisableScriptedObjects (43ms)
		BackupInstance (0ms)
		ReleaseScriptingObjects (2ms)
		CreateAndSetChildDomain (1663ms)
	RebuildCommonClasses (100ms)
	RebuildNativeTypeToScriptingClass (11ms)
	initialDomainReloadingComplete (113ms)
	LoadAllAssembliesAndSetupDomain (4571ms)
		LoadAssemblies (5056ms)
		RebuildTransferFunctionScriptingTraits (0ms)
		AnalyzeDomain (122ms)
			TypeCache.Refresh (57ms)
				TypeCache.ScanAssembly (0ms)
			ScanForSourceGeneratedMonoScriptInfo (5ms)
			ResolveRequiredComponents (57ms)
	FinalizeReload (3292ms)
		ReleaseScriptCaches (0ms)
		RebuildScriptCaches (0ms)
		SetupLoadedEditorAssemblies (1042ms)
			LogAssemblyErrors (0ms)
			InitializePlatformSupportModulesInManaged (31ms)
			SetLoadedEditorAssemblies (16ms)
			RefreshPlugins (0ms)
			BeforeProcessingInitializeOnLoad (160ms)
			ProcessInitializeOnLoadAttributes (687ms)
			ProcessInitializeOnLoadMethodAttributes (135ms)
			AfterProcessingInitializeOnLoad (12ms)
			EditorAssembliesLoaded (1ms)
		ExecutionOrderSort2 (0ms)
		AwakeInstancesAfterBackupRestoration (22ms)
Shader Hidden/ProbeVolume/VoxelizeScene is not supported: GPU does not support conservative rasterization
Refreshing native plugins compatible for Editor in 2,94 ms, found 0 plugins.
Preloading 0 native plugins for Editor in 0,00 ms.
Unloading 5330 Unused Serialized files (Serialized files now loaded: 0)
Unloading 66 unused Assets / (1,1 MB). Loaded Objects now: 6141.
Memory consumption went from 185,5 MB to 184,3 MB.
Total: 13,871722 ms (FindLiveObjects: 0,705491 ms CreateObjectMapping: 0,706716 ms MarkObjects: 11,430211 ms  DeleteObjects: 1,025233 ms)

Prepare: number of updated asset objects reloaded= 0
AssetImportParameters requested are different than current active one (requested -> active):
  custom:container-demuxer-ogg: 62fdf1f143b41e24485cea50d1cbac27 -> 
  custom:video-decoder-ogg-theora: a1e56fd34408186e4bbccfd4996cb3dc -> 
  custom:CustomObjectIndexerAttribute: f3847dcb39c2a616e8d79845aaae36f1 -> 
  custom:container-demuxer-webm: 4f35f7cbe854078d1ac9338744f61a02 -> 
  custom:container-muxer-webm: aa71ff27fc2769a1b78a27578f13a17b -> 
  custom:video-decoder-webm-vp8: 9c59270c3fd7afecdb556c50c9e8de78 -> 
  custom:SearchIndexIgnoredProperties: e643bd26f0fe6173181afceb89e7c659 -> 
  custom:AudioImporter_EditorPlatform: 2f0ff77a95e0ac474e3e8eeba4e2f7cb -> 
  custom:video-encoder-webm-vp8: eb34c28f22e8b96e1ab97ce403110664 -> 
  custom:audio-decoder-ogg-vorbis: bf7c407c2cedff20999df2af8eb42d56 -> 
  custom:audio-encoder-webm-vorbis: bf7c407c2cedff20999df2af8eb42d56 -> 
